<?xml version="1.0" encoding="UTF-8"?>
<!-- Generated by org.testng.reporters.JUnitReportReporter -->
<testsuite hostname="THILAK" failures="0" tests="1" name="Multscrpt.Testcase02" time="4.104" errors="0" timestamp="2024-11-28T11:53:28 IST" skipped="0">
  <testcase classname="Multscrpt.Testcase02" name="pwd" time="4.104"/>
  <system-out/>
</testsuite> <!-- Multscrpt.Testcase02 -->
