<?xml version="1.0" encoding="UTF-8"?>
<!-- Generated by org.testng.reporters.JUnitReportReporter -->
<testsuite hostname="THILAK" failures="0" tests="2" name="testng.Invocationng" time="0.012" errors="0" timestamp="2024-11-27T11:57:09 IST" skipped="0">
  <testcase classname="testng.Invocationng" name="Testcase" time="0.001"/>
  <system-out>
    <![CDATA[Hello]]>
  </system-out>
  <testcase classname="testng.Invocationng" name="Testcase" time="0.011"/>
  <system-out>
    <![CDATA[Hello]]>
  </system-out>
</testsuite> <!-- testng.Invocationng -->
