<?xml version="1.0" encoding="UTF-8"?>
<!-- Generated by org.testng.reporters.JUnitReportReporter -->
<testsuite hostname="THILAK" failures="0" tests="2" name="testng.Multng" time="0.009" errors="0" timestamp="2024-11-26T12:04:25 IST" skipped="0">
  <testcase classname="testng.Multng" name="Testcase1" time="0.001"/>
  <system-out>
    <![CDATA[Good noon]]>
  </system-out>
  <testcase classname="testng.Multng" name="Testcase" time="0.008"/>
  <system-out>
    <![CDATA[Hello]]>
  </system-out>
</testsuite> <!-- testng.Multng -->
