<?xml version="1.0" encoding="UTF-8"?>
<!-- Generated by org.testng.reporters.JUnitReportReporter -->
<testsuite hostname="THILAK" failures="0" tests="4" name="testng.Priorityng" time="0.021" errors="0" timestamp="2024-11-27T12:06:07 IST" skipped="0">
  <testcase classname="testng.Priorityng" name="signup" time="0.014"/>
  <system-out/>
  <testcase classname="testng.Priorityng" name="login" time="0.002"/>
  <system-out/>
  <testcase classname="testng.Priorityng" name="homepage" time="0.003"/>
  <system-out/>
  <testcase classname="testng.Priorityng" name="logout" time="0.002"/>
  <system-out/>
</testsuite> <!-- testng.Priorityng -->
