<?xml version="1.0" encoding="UTF-8"?>
<!-- Generated by org.testng.reporters.JUnitReportReporter -->
<testsuite hostname="THILAK" failures="0" tests="1" name="Multscrpt.Testcase06" time="8.232" errors="0" timestamp="2024-11-28T11:53:28 IST" skipped="0">
  <testcase classname="Multscrpt.Testcase06" name="passdata" time="8.232"/>
  <system-out/>
</testsuite> <!-- Multscrpt.Testcase06 -->
