<?xml version="1.0" encoding="UTF-8"?>
<!-- Generated by org.testng.reporters.JUnitReportReporter -->
<testsuite hostname="THILAK" failures="0" tests="1" name="Multscrpt.Testcase05" time="81.097" errors="0" timestamp="2024-11-28T11:53:28 IST" skipped="0">
  <testcase classname="Multscrpt.Testcase05" name="ss" time="81.097"/>
  <system-out/>
</testsuite> <!-- Multscrpt.Testcase05 -->
