<?xml version="1.0" encoding="UTF-8"?>
<!-- Generated by org.testng.reporters.JUnitReportReporter -->
<testsuite hostname="THILAK" failures="0" tests="1" name="testng.Sampleng" time="0.009" errors="0" timestamp="2024-11-26T12:02:39 IST" skipped="0">
  <testcase classname="testng.Sampleng" name="Testcase" time="0.009"/>
  <system-out>
    <![CDATA[Hello]]>
  </system-out>
</testsuite> <!-- testng.Sampleng -->
