<?xml version="1.0" encoding="UTF-8"?>
<!-- Generated by org.testng.reporters.JUnitReportReporter -->
<testsuite hostname="THILAK" failures="0" tests="4" name="testng.skipmethod" time="0.017" errors="0" timestamp="2024-11-27T12:13:35 IST" skipped="1">
  <testcase classname="testng.skipmethod" name="login" time="0.002"/>
  <system-out/>
  <testcase classname="testng.skipmethod" name="Signup" time="0.014"/>
  <system-out/>
  <testcase classname="testng.skipmethod" name="logout" time="0.001"/>
  <system-out/>
  <testcase classname="testng.skipmethod" name="homepage">
    <skipped/>
  </testcase> <!-- homepage -->
  <system-out/>
</testsuite> <!-- testng.skipmethod -->
